                                                                                                                                QUERY PLAN                                                                                                                                 
---------------------------------------------------------------------------------------------------------------------------------------------------------------------------------------------------------------------------------------------------------------------------
 Finalize GroupAggregate  (cost=1130312.65..1161034.30 rows=120077 width=16) (actual time=5946.187..6558.565 rows=1883942 loops=1)
   Group Key: (date_bin('00:01:00'::interval, date, '2008-01-01 00:00:00'::timestamp without time zone))
   ->  Gather Merge  (cost=1130312.65..1158332.57 rows=240154 width=16) (actual time=5946.150..6258.025 rows=1887979 loops=1)
         Workers Planned: 2
         Workers Launched: 2
         ->  Sort  (cost=1129312.63..1129612.82 rows=120077 width=16) (actual time=5913.257..5981.514 rows=629326 loops=3)
               Sort Key: (date_bin('00:01:00'::interval, date, '2008-01-01 00:00:00'::timestamp without time zone))
               Sort Method: external merge  Disk: 15880kB
               Worker 0:  Sort Method: external merge  Disk: 16208kB
               Worker 1:  Sort Method: external merge  Disk: 16040kB
               ->  Partial HashAggregate  (cost=1047010.71..1117127.47 rows=120077 width=16) (actual time=4339.630..5743.055 rows=629326 loops=3)
                     Group Key: date_bin('00:01:00'::interval, date, '2008-01-01 00:00:00'::timestamp without time zone)
                     Batches: 21  Memory Usage: 8249kB  Disk Usage: 241512kB
                     Worker 0:  Batches: 21  Memory Usage: 8249kB  Disk Usage: 242800kB
                     Worker 1:  Batches: 21  Memory Usage: 8249kB  Disk Usage: 242728kB
                     ->  Parallel Seq Scan on badges  (cost=0.00..552976.97 rows=8782822 width=8) (actual time=105.427..2673.205 rows=9097158 loops=3)
                           Filter: ((NOT tagbased) AND (userid <> '-1'::integer) AND (class = ANY ('{1,2,3}'::integer[])) AND ((name)::text <> ALL ('{Analytical,Census,"Documentation Beta","Documentation Pioneer","Documentation User",Reversal,Tumbleweed}'::text[])))
                           Rows Removed by Filter: 283063
 Planning Time: 0.600 ms
 JIT:
   Functions: 36
   Options: Inlining true, Optimization true, Expressions true, Deforming true
   Timing: Generation 2.492 ms, Inlining 186.934 ms, Optimization 100.654 ms, Emission 74.779 ms, Total 364.858 ms
 Execution Time: 6667.032 ms
(24 rows)

