                                                                                                                                QUERY PLAN                                                                                                                                 
---------------------------------------------------------------------------------------------------------------------------------------------------------------------------------------------------------------------------------------------------------------------------
 Finalize GroupAggregate  (cost=1303240.77..1333433.84 rows=118011 width=16) (actual time=8063.643..8697.597 rows=1883942 loops=1)
   Group Key: (date_bin('00:01:00'::interval, date, '2008-01-01 00:00:00'::timestamp without time zone))
   ->  Gather Merge  (cost=1303240.77..1330778.59 rows=236022 width=16) (actual time=8063.599..8394.683 rows=1887736 loops=1)
         Workers Planned: 2
         Workers Launched: 2
         ->  Sort  (cost=1302240.74..1302535.77 rows=118011 width=16) (actual time=7963.197..8035.425 rows=629245 loops=3)
               Sort Key: (date_bin('00:01:00'::interval, date, '2008-01-01 00:00:00'::timestamp without time zone))
               Sort Method: external merge  Disk: 15936kB
               Worker 0:  Sort Method: external merge  Disk: 16320kB
               Worker 1:  Sort Method: external merge  Disk: 15904kB
               ->  Partial HashAggregate  (cost=1199858.44..1290279.66 rows=118011 width=16) (actual time=5971.895..7773.849 rows=629245 loops=3)
                     Group Key: date_bin('00:01:00'::interval, date, '2008-01-01 00:00:00'::timestamp without time zone)
                     Planned Partitions: 4  Batches: 37  Memory Usage: 4185kB  Disk Usage: 248352kB
                     Worker 0:  Batches: 53  Memory Usage: 4249kB  Disk Usage: 254920kB
                     Worker 1:  Batches: 37  Memory Usage: 4185kB  Disk Usage: 243472kB
                     ->  Parallel Seq Scan on badges  (cost=0.00..559446.62 rows=11385099 width=8) (actual time=98.630..4336.279 rows=9097158 loops=3)
                           Filter: ((NOT tagbased) AND (userid <> '-1'::integer) AND (class = ANY ('{1,2,3}'::integer[])) AND ((name)::text <> ALL ('{Analytical,Census,"Documentation Beta","Documentation Pioneer","Documentation User",Reversal,Tumbleweed}'::text[])))
                           Rows Removed by Filter: 283063
 Planning Time: 3.559 ms
 JIT:
   Functions: 36
   Options: Inlining true, Optimization true, Expressions true, Deforming true
   Timing: Generation 2.454 ms, Inlining 165.065 ms, Optimization 100.664 ms, Emission 73.372 ms, Total 341.555 ms
 Execution Time: 8807.876 ms
(24 rows)

