                                                                                                QUERY PLAN                                                                                                
----------------------------------------------------------------------------------------------------------------------------------------------------------------------------------------------------------
 Sort  (cost=1717507.61..1717508.11 rows=200 width=52) (actual time=20530.348..20531.700 rows=23951 loops=1)
   Sort Key: (round(avg((count(*))), 3)) DESC, (count(*)) DESC, t.tagname
   Sort Method: quicksort  Memory: 2040kB
   Buffers: shared hit=1270 read=516911, temp read=147528 written=227454
   ->  HashAggregate  (cost=1717496.96..1717499.96 rows=200 width=52) (actual time=20493.948..20505.024 rows=23951 loops=1)
         Group Key: t.tagname
         Batches: 1  Memory Usage: 4641kB
         Buffers: shared hit=1264 read=516911, temp read=147528 written=227454
         ->  HashAggregate  (cost=1451031.05..1598595.84 rows=6794350 width=28) (actual time=14631.417..18905.937 rows=8802687 loops=1)
               Group Key: t.tagname, qt.questionid
               Planned Partitions: 128  Batches: 641  Memory Usage: 8249kB  Disk Usage: 646336kB
               Buffers: shared hit=1264 read=516911, temp read=147528 written=227454
               ->  Hash Right Join  (cost=332568.10..945701.27 rows=6794350 width=20) (actual time=6133.548..10712.474 rows=14157617 loops=1)
                     Hash Cond: (a.parentid = qt.questionid)
                     Buffers: shared hit=1264 read=516911, temp read=67928 written=67928
                     ->  Seq Scan on answers a  (cost=0.00..465505.03 rows=4427303 width=8) (actual time=0.063..1123.482 rows=4427303 loops=1)
                           Buffers: shared hit=160 read=421072
                     ->  Hash  (cost=277974.61..277974.61 rows=2973559 width=20) (actual time=6131.809..6131.898 rows=8802687 loops=1)
                           Buckets: 131072 (originally 131072)  Batches: 64 (originally 32)  Memory Usage: 8051kB
                           Buffers: shared hit=1104 read=95839, temp written=42303
                           ->  Hash Join  (cost=109322.83..277974.61 rows=2973559 width=20) (actual time=1045.191..4565.124 rows=8802687 loops=1)
                                 Hash Cond: (qt.tagid = t.id)
                                 Buffers: shared hit=1104 read=95839
                                 ->  Hash Join  (cost=107367.38..268213.07 rows=2973559 width=24) (actual time=739.431..2841.776 rows=8802687 loops=1)
                                       Hash Cond: (qt.tagid = questionstags.tagid)
                                       Buffers: shared hit=625 read=95839
                                       ->  Seq Scan on questionstags qt  (cost=0.00..137418.35 rows=8919435 width=16) (actual time=0.053..720.185 rows=8919638 loops=1)
                                             Buffers: shared hit=352 read=47872
                                       ->  Hash  (cost=107337.48..107337.48 rows=2392 width=8) (actual time=739.313..739.399 rows=23951 loops=1)
                                             Buckets: 32768 (originally 4096)  Batches: 1 (originally 1)  Memory Usage: 1192kB
                                             Buffers: shared hit=273 read=47967
                                             ->  Finalize GroupAggregate  (cost=105501.76..107337.48 rows=2392 width=8) (actual time=701.321..736.530 rows=23951 loops=1)
                                                   Group Key: questionstags.tagid
                                                   Filter: (count(*) > 10)
                                                   Rows Removed by Filter: 31351
                                                   Buffers: shared hit=273 read=47967
                                                   ->  Gather Merge  (cost=105501.76..107176.04 rows=14350 width=16) (actual time=701.284..722.537 rows=134128 loops=1)
                                                         Workers Planned: 2
                                                         Workers Launched: 2
                                                         Buffers: shared hit=273 read=47967
                                                         ->  Sort  (cost=104501.73..104519.67 rows=7175 width=16) (actual time=686.317..690.219 rows=44709 loops=3)
                                                               Sort Key: questionstags.tagid
                                                               Sort Method: quicksort  Memory: 3320kB
                                                               Buffers: shared hit=273 read=47967
                                                               Worker 0:  Sort Method: quicksort  Memory: 3272kB
                                                               Worker 1:  Sort Method: quicksort  Memory: 3257kB
                                                               ->  Partial HashAggregate  (cost=103970.47..104042.22 rows=7175 width=16) (actual time=669.168..675.149 rows=44709 loops=3)
                                                                     Group Key: questionstags.tagid
                                                                     Batches: 1  Memory Usage: 4625kB
                                                                     Buffers: shared hit=257 read=47967
                                                                     Worker 0:  Batches: 1  Memory Usage: 4369kB
                                                                     Worker 1:  Batches: 1  Memory Usage: 4369kB
                                                                     ->  Parallel Seq Scan on questionstags  (cost=0.00..85388.31 rows=3716431 width=8) (actual time=0.017..212.813 rows=2973213 loops=3)
                                                                           Buffers: shared hit=257 read=47967
                                 ->  Hash  (cost=1135.20..1135.20 rows=65620 width=16) (actual time=305.155..305.157 rows=65620 loops=1)
                                       Buckets: 131072  Batches: 1  Memory Usage: 4229kB
                                       Buffers: shared hit=479
                                       ->  Seq Scan on tags t  (cost=0.00..1135.20 rows=65620 width=16) (actual time=287.218..292.823 rows=65620 loops=1)
                                             Buffers: shared hit=479
 Planning:
   Buffers: shared hit=348
 Planning Time: 1.114 ms
 JIT:
   Functions: 59
   Options: Inlining true, Optimization true, Expressions true, Deforming true
   Timing: Generation 2.566 ms, Inlining 182.691 ms, Optimization 169.063 ms, Emission 124.316 ms, Total 478.636 ms
 Execution Time: 20653.905 ms
